access log2021-03-28 12:36:54      ::::    User kek login to the system as AS
2021-03-28 13:43:05      ::::    User kek login to the system as AS
2021-03-28 08:53:51      ::::    User kek log out form the system [AD: 00:40:46]
2021-03-28 14:25:58      ::::    User 2018cs100 login to the system as ST
2021-03-28 09:03:38      ::::    User 2018cs100 log out form the system [AD: 00:07:40]
2021-03-28 14:33:48      ::::    User kek login to the system as AS
2021-03-28 09:12:54      ::::    User kek log out form the system [AD: 00:09:06]
2021-03-28 14:43:07      ::::    User kek login to the system as AS
2021-03-28 09:28:14      ::::    User kek log out form the system [AD: 02:21:20]
2021-03-28 14:58:30      ::::    User 2018cs135 login to the system as ST
2021-03-28 15:57:22      ::::    User kek log out form the system [AD: 06:44:15]
2021-03-28 15:57:44      ::::    User kek login to the system as SP
2021-03-28 10:28:53      ::::    User kek log out form the system [AD: 00:01:09]
2021-03-28 15:59:17      ::::    User 2018cs100 login to the system as ST
2021-03-28 10:29:54      ::::    User 2018cs100 log out form the system [AD: 00:00:37]
2021-03-28 16:00:01      ::::    User nsn login to the system as AD
2021-03-28 10:38:21      ::::    User nsn log out form the system [AD: 00:08:20]
2021-03-28 10:41:56      ::::    User 2018cs135 log out form the system [AD: 01:13:26]
2021-03-28 16:13:10      ::::    User kek login to the system as SP
2021-03-28 16:13:29      ::::    User nsn login to the system as AD
2021-03-28 16:21:04      ::::    User nsn login to the system as AD
