2021-01-22 14:23:18      ::::    User kek login to the system as AS
2021-01-22 14:23:24      ::::    User kek login to the system as AS
2021-01-22 14:24:05      ::::    User kek login to the system as AS
2021-01-22 14:24:37      ::::    User kek login to the system as AS
2021-03-19 10:55:29      ::::    [Transaction ID: 128]-[Update a new salt value.]
2021-03-19 10:55:29      ::::    [Transaction ID: 131]-[Update a new Password cause of forget.]
2021-03-23 07:28:10      ::::    [Transaction ID: 4428]-[Update user(kek) basic information when initial login to the system.]
2021-03-23 07:30:10      ::::    [Transaction ID: 4431]-[Update user(kek) basic information when initial login to the system.]
2021-03-23 07:30:50      ::::    [Transaction ID: 4434]-[Update user(kek) basic information when initial login to the system.]
2021-03-24 23:37:37      ::::    [Transaction ID: 143]-[Update profile picture by setting page]
2021-03-24 23:49:57      ::::    [Transaction ID: 146]-[Update profile picture by setting page]
2021-03-24 23:53:52      ::::    [Transaction ID: 149]-[Update profile picture by setting page]
2021-03-25 09:25:08      ::::    [Transaction ID: 152]-[Update profile picture by setting page]
2021-03-25 09:26:26      ::::    [Transaction ID: 155]-[Update profile picture by setting page]
2021-03-25 11:44:30      ::::    [Transaction ID: 158]-[Update profile picture by setting page]
2021-03-25 11:52:47      ::::    [Transaction ID: 161]-[Update profile picture by setting page]
2021-03-26 12:47:10      ::::    [Transaction ID: 164]-[Successfully enroll for Course Module.]
2021-03-26 12:47:11      ::::    [Transaction ID: 167]-[Successfully enroll for Course Module.]
2021-03-26 12:47:12      ::::    [Transaction ID: 170]-[Successfully enroll for Course Module.]
2021-03-26 14:31:49      ::::    [Transaction ID: 173]-[Successfully enroll for Course Module.]
2021-03-26 14:31:50      ::::    [Transaction ID: 176]-[Successfully enroll for Course Module.]
2021-03-26 14:31:51      ::::    [Transaction ID: 179]-[Successfully enroll for Course Module.]
2021-03-26 14:31:52      ::::    [Transaction ID: 182]-[Successfully enroll for Course Module.]
2021-03-26 15:18:41      ::::    [Transaction ID: 187]-[Successfully enroll for Course Module.] [Successfully enroll for Course Module.]
2021-03-26 15:22:26      ::::    [Transaction ID: 190]-[Successfully enroll for Course Module.]
2021-03-26 15:23:45      ::::    [Transaction ID: 193]-[Successfully enroll for Course Module.]
2021-03-26 15:24:53      ::::    [Transaction ID: 196]-[Successfully enroll for Course Module.]
